0.0003 	WARNING 	Monitor specification not found. Creating a temporary one...
0.0008 	WARNING 	User requested fullscreen with size [1280 1024], but screen is actually [1920, 1080]. Using actual size
0.9633 	EXP 	Created window1 = Window(allowGUI=True, allowStencil=False, autoLog=True, bitsMode=UNKNOWN, blendMode='avg', color=array([ 0.,  0.,  0.]), colorSpace='rgb', fullscr=UNKNOWN, gamma=None, lms=UNKNOWN, monitor=<psychopy.monitors.calibTools.Monitor object at 0x7f933ff59490>, multiSample=False, name='window1', numSamples=2, pos=[0, 0], screen=1, size=array([1920, 1080]), stereo=False, units='pix', useFBO=False, useRetina=False, viewOri=0.0, viewPos=None, viewScale=None, waitBlanking=True, winType='pyglet')
0.9644 	EXP 	<method-wrapper '__getattribute__' of attributeSetter object at 0x7f933ff3c550>: vertices = array([[-0.25,  0.25],
       [ 0.25,  0.25],
       [ 0.25, -0.25],
       [-0.25, -0.25]])
0.9660 	EXP 	Created unnamed Rect = Rect(autoDraw=False, autoLog=True, closeShape=True, contrast=1.0, depth=0, fillColor=None, fillColorSpace='rgb', fillRGB=None, interpolate=True, lineColor=array([ 0.,  0.,  0.]), lineColorSpace='rgb255', lineRGB=array([ 0.,  0.,  0.]), lineWidth=1.5, name='unnamed Rect', opacity=1.0, ori=array(0.0), pos=array([ 0.,  0.]), size=array([ 942.4,  628. ]), units='pix', vertices=ndarray(...), win=Window(...))
1.0028 	EXP 	Created unnamed ImageStim = ImageStim(autoLog=True, color=array([ 1.,  1.,  1.]), colorSpace='rgb', contrast=1.0, depth=0, flipHoriz=False, flipVert=False, image='Solid_white.png', interpolate=False, mask=None, maskParams=None, name='unnamed ImageStim', opacity=1.0, ori=0.0, pos=array([ 0.,  0.]), size=array([ 1280.,  1024.]), texRes=128, units='pix', win=Window(...))
1.0065 	EXP 	Created unnamed Circle = Circle(autoDraw=False, autoLog=True, closeShape=True, contrast=1.0, depth=0, fillColor='red', fillColorSpace='named', fillRGB=array([ 255.,    0.,    0.]), interpolate=True, lineColor=array([ 1.,  1.,  1.]), lineColorSpace='rgb', lineRGB=array([ 1.,  1.,  1.]), lineWidth=1.5, name='unnamed Circle', opacity=1.0, ori=array(0.0), pos=array([ 0.,  0.]), size=array([ 1.,  1.]), units='pix', vertices=ndarray(...), win=Window(...))
1.0096 	EXP 	Created unnamed GratingStim = GratingStim(autoDraw=False, autoLog=True, color=array([ 80.,  80.,  80.]), colorSpace='rgb255', contrast=1.0, depth=0, interpolate=False, mask=None, maskParams=None, name='unnamed GratingStim', opacity=1.0, ori=270.0, phase=array([ 0.,  0.]), pos=array([ 0.,  0.]), rgbPedestal=array([ 0.,  0.,  0.]), sf=array([ 0.00625,  0.00625]), size=array([ 323. ,  482.8]), tex='sin', texRes=128, units='pix', win=Window(...))
1.0144 	EXP 	Created unnamed RadialStim = RadialStim(autoDraw=False, autoLog=True, color=array([ 1.,  1.,  1.]), colorSpace='rgb', contrast=1.0, depth=0, interpolate=False, mask='circle', maskParams=None, name='unnamed RadialStim', opacity=1.0, ori=0.0, phase=array([ 0.,  0.]), pos=array([ 20.,  20.]), rgbPedestal=array([ 0.,  0.,  0.]), sf=1, size=array([ 20.,  20.]), tex='sqrXsqr', texRes=64, units='pix', win=Window(...))
1.0162 	EXP 	Created unnamed ShapeStim = ShapeStim(autoDraw=False, autoLog=True, closeShape=False, contrast=1.0, depth=0, fillColor='red', fillColorSpace='named', interpolate=True, lineColor='black', lineColorSpace='named', lineWidth=1.5, name='unnamed ShapeStim', opacity=1.0, ori=array(0.0), pos=array([-157.06666667,   78.5       ]), size=array([ 1.,  1.]), units='pix', vertices=ndarray(...), win=Window(...), windingRule=None)
1.0179 	EXP 	Created unnamed ShapeStim = ShapeStim(autoDraw=False, autoLog=True, closeShape=False, contrast=1.0, depth=0, fillColor='red', fillColorSpace='named', interpolate=True, lineColor='black', lineColorSpace='named', lineWidth=1.5, name='unnamed ShapeStim', opacity=1.0, ori=array(0.0), pos=array([  0. ,  78.5]), size=array([ 1.,  1.]), units='pix', vertices=ndarray(...), win=Window(...), windingRule=None)
1.0195 	EXP 	Created unnamed ShapeStim = ShapeStim(autoDraw=False, autoLog=True, closeShape=False, contrast=1.0, depth=0, fillColor='red', fillColorSpace='named', interpolate=True, lineColor='black', lineColorSpace='named', lineWidth=1.5, name='unnamed ShapeStim', opacity=1.0, ori=array(0.0), pos=array([ 157.06666667,   78.5       ]), size=array([ 1.,  1.]), units='pix', vertices=ndarray(...), win=Window(...), windingRule=None)
1.0211 	EXP 	Created unnamed ShapeStim = ShapeStim(autoDraw=False, autoLog=True, closeShape=False, contrast=1.0, depth=0, fillColor='red', fillColorSpace='named', interpolate=True, lineColor='black', lineColorSpace='named', lineWidth=1.5, name='unnamed ShapeStim', opacity=1.0, ori=array(0.0), pos=array([-157.06666667,  -78.5       ]), size=array([ 1.,  1.]), units='pix', vertices=ndarray(...), win=Window(...), windingRule=None)
1.0228 	EXP 	Created unnamed ShapeStim = ShapeStim(autoDraw=False, autoLog=True, closeShape=False, contrast=1.0, depth=0, fillColor='red', fillColorSpace='named', interpolate=True, lineColor='black', lineColorSpace='named', lineWidth=1.5, name='unnamed ShapeStim', opacity=1.0, ori=array(0.0), pos=array([  0. , -78.5]), size=array([ 1.,  1.]), units='pix', vertices=ndarray(...), win=Window(...), windingRule=None)
1.0244 	EXP 	Created unnamed ShapeStim = ShapeStim(autoDraw=False, autoLog=True, closeShape=False, contrast=1.0, depth=0, fillColor='red', fillColorSpace='named', interpolate=True, lineColor='black', lineColorSpace='named', lineWidth=1.5, name='unnamed ShapeStim', opacity=1.0, ori=array(0.0), pos=array([ 157.06666667,  -78.5       ]), size=array([ 1.,  1.]), units='pix', vertices=ndarray(...), win=Window(...), windingRule=None)
1.1459 	DATA 	No keypress (maxWait exceeded)
1.2792 	DATA 	No keypress (maxWait exceeded)
1.4126 	DATA 	No keypress (maxWait exceeded)
1.5459 	DATA 	No keypress (maxWait exceeded)
1.6792 	DATA 	No keypress (maxWait exceeded)
1.8125 	DATA 	No keypress (maxWait exceeded)
1.9459 	DATA 	No keypress (maxWait exceeded)
2.0792 	DATA 	No keypress (maxWait exceeded)
2.2125 	DATA 	No keypress (maxWait exceeded)
2.3458 	DATA 	No keypress (maxWait exceeded)
2.4791 	DATA 	No keypress (maxWait exceeded)
2.6125 	DATA 	No keypress (maxWait exceeded)
2.7457 	DATA 	No keypress (maxWait exceeded)
2.8791 	DATA 	No keypress (maxWait exceeded)
3.0124 	DATA 	No keypress (maxWait exceeded)
3.1457 	DATA 	No keypress (maxWait exceeded)
3.2790 	DATA 	No keypress (maxWait exceeded)
3.4124 	DATA 	No keypress (maxWait exceeded)
3.5457 	DATA 	No keypress (maxWait exceeded)
3.6791 	DATA 	No keypress (maxWait exceeded)
3.8125 	DATA 	No keypress (maxWait exceeded)
3.9457 	DATA 	No keypress (maxWait exceeded)
4.0790 	DATA 	No keypress (maxWait exceeded)
4.2123 	DATA 	No keypress (maxWait exceeded)
4.3457 	DATA 	No keypress (maxWait exceeded)
4.4790 	DATA 	No keypress (maxWait exceeded)
4.6124 	DATA 	No keypress (maxWait exceeded)
4.7457 	DATA 	No keypress (maxWait exceeded)
4.8790 	DATA 	No keypress (maxWait exceeded)
5.0123 	DATA 	No keypress (maxWait exceeded)
5.1457 	DATA 	No keypress (maxWait exceeded)
5.2790 	DATA 	No keypress (maxWait exceeded)
5.4123 	DATA 	No keypress (maxWait exceeded)
5.5456 	DATA 	No keypress (maxWait exceeded)
5.6790 	DATA 	No keypress (maxWait exceeded)
5.8123 	DATA 	No keypress (maxWait exceeded)
5.9456 	DATA 	No keypress (maxWait exceeded)
6.0789 	DATA 	No keypress (maxWait exceeded)
6.2123 	DATA 	No keypress (maxWait exceeded)
6.3457 	DATA 	No keypress (maxWait exceeded)
6.4789 	DATA 	No keypress (maxWait exceeded)
6.6123 	DATA 	No keypress (maxWait exceeded)
6.7456 	DATA 	No keypress (maxWait exceeded)
6.8789 	DATA 	No keypress (maxWait exceeded)
6.9176 	DATA 	Keypress: escape
6.9455 	EXP 	unnamed ShapeStim: ori = 2.0
6.9455 	EXP 	unnamed ShapeStim: ori = 5.0
6.9455 	EXP 	unnamed ShapeStim: ori = -2.0
6.9455 	EXP 	sent on actual flip
6.9789 	EXP 	unnamed ShapeStim: ori = 4.0
6.9789 	EXP 	unnamed ShapeStim: ori = 10.0
6.9789 	EXP 	unnamed ShapeStim: ori = -4.0
6.9789 	EXP 	sent on actual flip
7.0122 	EXP 	unnamed ShapeStim: ori = 6.0
7.0122 	EXP 	unnamed ShapeStim: ori = 15.0
7.0122 	EXP 	unnamed ShapeStim: ori = -6.0
7.0122 	EXP 	sent on actual flip
7.0455 	EXP 	unnamed ShapeStim: ori = 8.0
7.0455 	EXP 	unnamed ShapeStim: ori = 20.0
7.0455 	EXP 	unnamed ShapeStim: ori = -8.0
7.0455 	EXP 	sent on actual flip
7.0789 	EXP 	unnamed ShapeStim: ori = 10.0
7.0789 	EXP 	unnamed ShapeStim: ori = 25.0
7.0789 	EXP 	unnamed ShapeStim: ori = -10.0
7.0789 	EXP 	sent on actual flip
7.1122 	EXP 	unnamed ShapeStim: ori = 12.0
7.1122 	EXP 	unnamed ShapeStim: ori = 30.0
7.1122 	EXP 	unnamed ShapeStim: ori = -12.0
7.1122 	EXP 	sent on actual flip
7.1455 	EXP 	unnamed ShapeStim: ori = 14.0
7.1455 	EXP 	unnamed ShapeStim: ori = 35.0
7.1455 	EXP 	unnamed ShapeStim: ori = -14.0
7.1455 	EXP 	sent on actual flip
7.1789 	EXP 	unnamed ShapeStim: ori = 16.0
7.1789 	EXP 	unnamed ShapeStim: ori = 40.0
7.1789 	EXP 	unnamed ShapeStim: ori = -16.0
7.1789 	EXP 	sent on actual flip
7.2122 	EXP 	unnamed ShapeStim: ori = 18.0
7.2122 	EXP 	unnamed ShapeStim: ori = 45.0
7.2122 	EXP 	unnamed ShapeStim: ori = -18.0
7.2122 	EXP 	sent on actual flip
7.2455 	EXP 	unnamed ShapeStim: ori = 20.0
7.2455 	EXP 	unnamed ShapeStim: ori = 50.0
7.2455 	EXP 	unnamed ShapeStim: ori = -20.0
7.2455 	EXP 	sent on actual flip
7.2789 	EXP 	unnamed ShapeStim: ori = 22.0
7.2789 	EXP 	unnamed ShapeStim: ori = 55.0
7.2789 	EXP 	unnamed ShapeStim: ori = -22.0
7.2789 	EXP 	sent on actual flip
7.3122 	EXP 	unnamed ShapeStim: ori = 24.0
7.3122 	EXP 	unnamed ShapeStim: ori = 60.0
7.3122 	EXP 	unnamed ShapeStim: ori = -24.0
7.3122 	EXP 	sent on actual flip
7.3455 	EXP 	unnamed ShapeStim: ori = 26.0
7.3455 	EXP 	unnamed ShapeStim: ori = 65.0
7.3455 	EXP 	unnamed ShapeStim: ori = -26.0
7.3455 	EXP 	sent on actual flip
7.3788 	EXP 	unnamed ShapeStim: ori = 28.0
7.3788 	EXP 	unnamed ShapeStim: ori = 70.0
7.3788 	EXP 	unnamed ShapeStim: ori = -28.0
7.3788 	EXP 	sent on actual flip
7.4122 	EXP 	unnamed ShapeStim: ori = 30.0
7.4122 	EXP 	unnamed ShapeStim: ori = 75.0
7.4122 	EXP 	unnamed ShapeStim: ori = -30.0
7.4122 	EXP 	sent on actual flip
7.4455 	EXP 	unnamed ShapeStim: ori = 32.0
7.4455 	EXP 	unnamed ShapeStim: ori = 80.0
7.4455 	EXP 	unnamed ShapeStim: ori = -32.0
7.4455 	EXP 	sent on actual flip
7.4789 	EXP 	unnamed ShapeStim: ori = 34.0
7.4789 	EXP 	unnamed ShapeStim: ori = 85.0
7.4789 	EXP 	unnamed ShapeStim: ori = -34.0
7.4789 	EXP 	sent on actual flip
7.5122 	EXP 	unnamed ShapeStim: ori = 36.0
7.5122 	EXP 	unnamed ShapeStim: ori = 90.0
7.5122 	EXP 	unnamed ShapeStim: ori = -36.0
7.5122 	EXP 	sent on actual flip
7.5455 	EXP 	unnamed ShapeStim: ori = 38.0
7.5455 	EXP 	unnamed ShapeStim: ori = 95.0
7.5455 	EXP 	unnamed ShapeStim: ori = -38.0
7.5455 	EXP 	sent on actual flip
7.5788 	EXP 	unnamed ShapeStim: ori = 40.0
7.5788 	EXP 	unnamed ShapeStim: ori = 100.0
7.5788 	EXP 	unnamed ShapeStim: ori = -40.0
7.5788 	EXP 	sent on actual flip
7.6122 	EXP 	unnamed ShapeStim: ori = 42.0
7.6122 	EXP 	unnamed ShapeStim: ori = 105.0
7.6122 	EXP 	unnamed ShapeStim: ori = -42.0
7.6122 	EXP 	sent on actual flip
7.6455 	EXP 	unnamed ShapeStim: ori = 44.0
7.6455 	EXP 	unnamed ShapeStim: ori = 110.0
7.6455 	EXP 	unnamed ShapeStim: ori = -44.0
7.6455 	EXP 	sent on actual flip
7.6788 	EXP 	unnamed ShapeStim: ori = 46.0
7.6788 	EXP 	unnamed ShapeStim: ori = 115.0
7.6788 	EXP 	unnamed ShapeStim: ori = -46.0
7.6788 	EXP 	sent on actual flip
7.7122 	EXP 	unnamed ShapeStim: ori = 48.0
7.7122 	EXP 	unnamed ShapeStim: ori = 120.0
7.7122 	EXP 	unnamed ShapeStim: ori = -48.0
7.7122 	EXP 	sent on actual flip
7.7455 	EXP 	unnamed ShapeStim: ori = 50.0
7.7455 	EXP 	unnamed ShapeStim: ori = 125.0
7.7455 	EXP 	unnamed ShapeStim: ori = -50.0
7.7455 	EXP 	sent on actual flip
7.7788 	EXP 	unnamed ShapeStim: ori = 52.0
7.7788 	EXP 	unnamed ShapeStim: ori = 130.0
7.7788 	EXP 	unnamed ShapeStim: ori = -52.0
7.7788 	EXP 	sent on actual flip
7.8122 	EXP 	unnamed ShapeStim: ori = 54.0
7.8122 	EXP 	unnamed ShapeStim: ori = 135.0
7.8122 	EXP 	unnamed ShapeStim: ori = -54.0
7.8122 	EXP 	sent on actual flip
7.8455 	EXP 	unnamed ShapeStim: ori = 56.0
7.8455 	EXP 	unnamed ShapeStim: ori = 140.0
7.8455 	EXP 	unnamed ShapeStim: ori = -56.0
7.8455 	EXP 	sent on actual flip
7.8788 	EXP 	unnamed ShapeStim: ori = 58.0
7.8788 	EXP 	unnamed ShapeStim: ori = 145.0
7.8788 	EXP 	unnamed ShapeStim: ori = -58.0
7.8788 	EXP 	sent on actual flip
7.9122 	EXP 	unnamed ShapeStim: ori = 60.0
7.9122 	EXP 	unnamed ShapeStim: ori = 150.0
7.9122 	EXP 	unnamed ShapeStim: ori = -60.0
7.9122 	EXP 	sent on actual flip
7.9455 	EXP 	unnamed ShapeStim: ori = 62.0
7.9455 	EXP 	unnamed ShapeStim: ori = 155.0
7.9455 	EXP 	unnamed ShapeStim: ori = -62.0
7.9455 	EXP 	sent on actual flip
7.9788 	EXP 	unnamed ShapeStim: ori = 64.0
7.9788 	EXP 	unnamed ShapeStim: ori = 160.0
7.9788 	EXP 	unnamed ShapeStim: ori = -64.0
7.9788 	EXP 	sent on actual flip
8.0122 	EXP 	unnamed ShapeStim: ori = 66.0
8.0122 	EXP 	unnamed ShapeStim: ori = 165.0
8.0122 	EXP 	unnamed ShapeStim: ori = -66.0
8.0122 	EXP 	sent on actual flip
8.0455 	EXP 	unnamed ShapeStim: ori = 68.0
8.0455 	EXP 	unnamed ShapeStim: ori = 170.0
8.0455 	EXP 	unnamed ShapeStim: ori = -68.0
8.0455 	EXP 	sent on actual flip
8.0788 	EXP 	unnamed ShapeStim: ori = 70.0
8.0788 	EXP 	unnamed ShapeStim: ori = 175.0
8.0788 	EXP 	unnamed ShapeStim: ori = -70.0
8.0788 	EXP 	sent on actual flip
8.1122 	EXP 	unnamed ShapeStim: ori = 72.0
8.1122 	EXP 	unnamed ShapeStim: ori = 180.0
8.1122 	EXP 	unnamed ShapeStim: ori = -72.0
8.1122 	EXP 	sent on actual flip
8.1455 	EXP 	unnamed ShapeStim: ori = 74.0
8.1455 	EXP 	unnamed ShapeStim: ori = 185.0
8.1455 	EXP 	unnamed ShapeStim: ori = -74.0
8.1455 	EXP 	sent on actual flip
8.1788 	EXP 	unnamed ShapeStim: ori = 76.0
8.1788 	EXP 	unnamed ShapeStim: ori = 190.0
8.1788 	EXP 	unnamed ShapeStim: ori = -76.0
8.1788 	EXP 	sent on actual flip
8.2122 	EXP 	unnamed ShapeStim: ori = 78.0
8.2122 	EXP 	unnamed ShapeStim: ori = 195.0
8.2122 	EXP 	unnamed ShapeStim: ori = -78.0
8.2122 	EXP 	sent on actual flip
8.2455 	EXP 	unnamed ShapeStim: ori = 80.0
8.2455 	EXP 	unnamed ShapeStim: ori = 200.0
8.2455 	EXP 	unnamed ShapeStim: ori = -80.0
8.2455 	EXP 	sent on actual flip
8.2788 	EXP 	unnamed ShapeStim: ori = 82.0
8.2788 	EXP 	unnamed ShapeStim: ori = 205.0
8.2788 	EXP 	unnamed ShapeStim: ori = -82.0
8.2788 	EXP 	sent on actual flip
8.3121 	EXP 	unnamed ShapeStim: ori = 84.0
8.3121 	EXP 	unnamed ShapeStim: ori = 210.0
8.3121 	EXP 	unnamed ShapeStim: ori = -84.0
8.3121 	EXP 	sent on actual flip
8.3455 	EXP 	unnamed ShapeStim: ori = 86.0
8.3455 	EXP 	unnamed ShapeStim: ori = 215.0
8.3455 	EXP 	unnamed ShapeStim: ori = -86.0
8.3455 	EXP 	sent on actual flip
8.3788 	EXP 	unnamed ShapeStim: ori = 88.0
8.3788 	EXP 	unnamed ShapeStim: ori = 220.0
8.3788 	EXP 	unnamed ShapeStim: ori = -88.0
8.3788 	EXP 	sent on actual flip
8.4122 	EXP 	unnamed ShapeStim: ori = 90.0
8.4122 	EXP 	unnamed ShapeStim: ori = 225.0
8.4122 	EXP 	unnamed ShapeStim: ori = -90.0
8.4122 	EXP 	sent on actual flip
8.4455 	EXP 	unnamed ShapeStim: ori = 92.0
8.4455 	EXP 	unnamed ShapeStim: ori = 230.0
8.4455 	EXP 	unnamed ShapeStim: ori = -92.0
8.4455 	EXP 	sent on actual flip
8.4789 	EXP 	unnamed ShapeStim: ori = 94.0
8.4789 	EXP 	unnamed ShapeStim: ori = 235.0
8.4789 	EXP 	unnamed ShapeStim: ori = -94.0
8.4789 	EXP 	sent on actual flip
8.5122 	EXP 	unnamed ShapeStim: ori = 96.0
8.5122 	EXP 	unnamed ShapeStim: ori = 240.0
8.5122 	EXP 	unnamed ShapeStim: ori = -96.0
8.5122 	EXP 	sent on actual flip
8.5455 	EXP 	unnamed ShapeStim: ori = 98.0
8.5455 	EXP 	unnamed ShapeStim: ori = 245.0
8.5455 	EXP 	unnamed ShapeStim: ori = -98.0
8.5455 	EXP 	sent on actual flip
8.5788 	EXP 	unnamed ShapeStim: ori = 100.0
8.5788 	EXP 	unnamed ShapeStim: ori = 250.0
8.5788 	EXP 	unnamed ShapeStim: ori = -100.0
8.5788 	EXP 	sent on actual flip
8.6121 	EXP 	unnamed ShapeStim: ori = 102.0
8.6121 	EXP 	unnamed ShapeStim: ori = 255.0
8.6121 	EXP 	unnamed ShapeStim: ori = -102.0
8.6121 	EXP 	sent on actual flip
8.6470 	EXP 	unnamed ShapeStim: ori = 104.0
8.6470 	EXP 	unnamed ShapeStim: ori = 260.0
8.6470 	EXP 	unnamed ShapeStim: ori = -104.0
8.6470 	EXP 	sent on actual flip
8.6788 	EXP 	unnamed ShapeStim: ori = 106.0
8.6788 	EXP 	unnamed ShapeStim: ori = 265.0
8.6788 	EXP 	unnamed ShapeStim: ori = -106.0
8.6788 	EXP 	sent on actual flip
8.7122 	EXP 	unnamed ShapeStim: ori = 108.0
8.7122 	EXP 	unnamed ShapeStim: ori = 270.0
8.7122 	EXP 	unnamed ShapeStim: ori = -108.0
8.7122 	EXP 	sent on actual flip
8.7455 	EXP 	unnamed ShapeStim: ori = 110.0
8.7455 	EXP 	unnamed ShapeStim: ori = 275.0
8.7455 	EXP 	unnamed ShapeStim: ori = -110.0
8.7455 	EXP 	sent on actual flip
8.7788 	EXP 	unnamed ShapeStim: ori = 112.0
8.7788 	EXP 	unnamed ShapeStim: ori = 280.0
8.7788 	EXP 	unnamed ShapeStim: ori = -112.0
8.7788 	EXP 	sent on actual flip
8.8121 	EXP 	unnamed ShapeStim: ori = 114.0
8.8121 	EXP 	unnamed ShapeStim: ori = 285.0
8.8121 	EXP 	unnamed ShapeStim: ori = -114.0
8.8121 	EXP 	sent on actual flip
8.8455 	EXP 	unnamed ShapeStim: ori = 116.0
8.8455 	EXP 	unnamed ShapeStim: ori = 290.0
8.8455 	EXP 	unnamed ShapeStim: ori = -116.0
8.8455 	EXP 	sent on actual flip
8.8788 	EXP 	unnamed ShapeStim: ori = 118.0
8.8788 	EXP 	unnamed ShapeStim: ori = 295.0
8.8788 	EXP 	unnamed ShapeStim: ori = -118.0
8.8788 	EXP 	sent on actual flip
8.9121 	EXP 	unnamed ShapeStim: ori = 120.0
8.9121 	EXP 	unnamed ShapeStim: ori = 300.0
8.9121 	EXP 	unnamed ShapeStim: ori = -120.0
8.9121 	EXP 	sent on actual flip
8.9455 	EXP 	unnamed ShapeStim: ori = 122.0
8.9455 	EXP 	unnamed ShapeStim: ori = 305.0
8.9455 	EXP 	unnamed ShapeStim: ori = -122.0
8.9455 	EXP 	sent on actual flip
8.9788 	EXP 	unnamed ShapeStim: ori = 124.0
8.9788 	EXP 	unnamed ShapeStim: ori = 310.0
8.9788 	EXP 	unnamed ShapeStim: ori = -124.0
8.9788 	EXP 	sent on actual flip
9.0121 	EXP 	unnamed ShapeStim: ori = 126.0
9.0121 	EXP 	unnamed ShapeStim: ori = 315.0
9.0121 	EXP 	unnamed ShapeStim: ori = -126.0
9.0121 	EXP 	sent on actual flip
9.0455 	EXP 	unnamed ShapeStim: ori = 128.0
9.0455 	EXP 	unnamed ShapeStim: ori = 320.0
9.0455 	EXP 	unnamed ShapeStim: ori = -128.0
9.0455 	EXP 	sent on actual flip
9.0788 	EXP 	unnamed ShapeStim: ori = 130.0
9.0788 	EXP 	unnamed ShapeStim: ori = 325.0
9.0788 	EXP 	unnamed ShapeStim: ori = -130.0
9.0788 	EXP 	sent on actual flip
9.1121 	EXP 	unnamed ShapeStim: ori = 132.0
9.1121 	EXP 	unnamed ShapeStim: ori = 330.0
9.1121 	EXP 	unnamed ShapeStim: ori = -132.0
9.1121 	EXP 	sent on actual flip
9.1455 	EXP 	unnamed ShapeStim: ori = 134.0
9.1455 	EXP 	unnamed ShapeStim: ori = 335.0
9.1455 	EXP 	unnamed ShapeStim: ori = -134.0
9.1455 	EXP 	sent on actual flip
9.1788 	EXP 	unnamed ShapeStim: ori = 136.0
9.1788 	EXP 	unnamed ShapeStim: ori = 340.0
9.1788 	EXP 	unnamed ShapeStim: ori = -136.0
9.1788 	EXP 	sent on actual flip
9.2121 	EXP 	unnamed ShapeStim: ori = 138.0
9.2121 	EXP 	unnamed ShapeStim: ori = 345.0
9.2121 	EXP 	unnamed ShapeStim: ori = -138.0
9.2121 	EXP 	sent on actual flip
9.2455 	EXP 	unnamed ShapeStim: ori = 140.0
9.2455 	EXP 	unnamed ShapeStim: ori = 350.0
9.2455 	EXP 	unnamed ShapeStim: ori = -140.0
9.2455 	EXP 	sent on actual flip
9.2788 	EXP 	unnamed ShapeStim: ori = 142.0
9.2788 	EXP 	unnamed ShapeStim: ori = 355.0
9.2788 	EXP 	unnamed ShapeStim: ori = -142.0
9.2788 	EXP 	sent on actual flip
9.3121 	EXP 	unnamed ShapeStim: ori = 144.0
9.3121 	EXP 	unnamed ShapeStim: ori = 360.0
9.3121 	EXP 	unnamed ShapeStim: ori = -144.0
9.3121 	EXP 	sent on actual flip
9.3455 	EXP 	unnamed ShapeStim: ori = 146.0
9.3455 	EXP 	unnamed ShapeStim: ori = 365.0
9.3455 	EXP 	unnamed ShapeStim: ori = -146.0
9.3455 	EXP 	sent on actual flip
9.3788 	EXP 	unnamed ShapeStim: ori = 148.0
9.3788 	EXP 	unnamed ShapeStim: ori = 370.0
9.3788 	EXP 	unnamed ShapeStim: ori = -148.0
9.3788 	EXP 	sent on actual flip
9.4121 	EXP 	unnamed ShapeStim: ori = 150.0
9.4121 	EXP 	unnamed ShapeStim: ori = 375.0
9.4121 	EXP 	unnamed ShapeStim: ori = -150.0
9.4121 	EXP 	sent on actual flip
9.4455 	EXP 	unnamed ShapeStim: ori = 152.0
9.4455 	EXP 	unnamed ShapeStim: ori = 380.0
9.4455 	EXP 	unnamed ShapeStim: ori = -152.0
9.4455 	EXP 	sent on actual flip
9.4788 	EXP 	unnamed ShapeStim: ori = 154.0
9.4788 	EXP 	unnamed ShapeStim: ori = 385.0
9.4788 	EXP 	unnamed ShapeStim: ori = -154.0
9.4788 	EXP 	sent on actual flip
9.5121 	EXP 	unnamed ShapeStim: ori = 156.0
9.5121 	EXP 	unnamed ShapeStim: ori = 390.0
9.5121 	EXP 	unnamed ShapeStim: ori = -156.0
9.5121 	EXP 	sent on actual flip
9.5455 	EXP 	unnamed ShapeStim: ori = 158.0
9.5455 	EXP 	unnamed ShapeStim: ori = 395.0
9.5455 	EXP 	unnamed ShapeStim: ori = -158.0
9.5455 	EXP 	sent on actual flip
9.5788 	EXP 	unnamed ShapeStim: ori = 160.0
9.5788 	EXP 	unnamed ShapeStim: ori = 400.0
9.5788 	EXP 	unnamed ShapeStim: ori = -160.0
9.5788 	EXP 	sent on actual flip
9.6121 	EXP 	unnamed ShapeStim: ori = 162.0
9.6121 	EXP 	unnamed ShapeStim: ori = 405.0
9.6121 	EXP 	unnamed ShapeStim: ori = -162.0
9.6121 	EXP 	sent on actual flip
9.6454 	EXP 	unnamed ShapeStim: ori = 164.0
9.6454 	EXP 	unnamed ShapeStim: ori = 410.0
9.6454 	EXP 	unnamed ShapeStim: ori = -164.0
9.6454 	EXP 	sent on actual flip
9.6788 	EXP 	unnamed ShapeStim: ori = 166.0
9.6788 	EXP 	unnamed ShapeStim: ori = 415.0
9.6788 	EXP 	unnamed ShapeStim: ori = -166.0
9.6788 	EXP 	sent on actual flip
9.7121 	EXP 	unnamed ShapeStim: ori = 168.0
9.7121 	EXP 	unnamed ShapeStim: ori = 420.0
9.7121 	EXP 	unnamed ShapeStim: ori = -168.0
9.7121 	EXP 	sent on actual flip
9.7455 	EXP 	unnamed ShapeStim: ori = 170.0
9.7455 	EXP 	unnamed ShapeStim: ori = 425.0
9.7455 	EXP 	unnamed ShapeStim: ori = -170.0
9.7455 	EXP 	sent on actual flip
9.7788 	EXP 	unnamed ShapeStim: ori = 172.0
9.7788 	EXP 	unnamed ShapeStim: ori = 430.0
9.7788 	EXP 	unnamed ShapeStim: ori = -172.0
9.7788 	EXP 	sent on actual flip
9.8121 	EXP 	unnamed ShapeStim: ori = 174.0
9.8121 	EXP 	unnamed ShapeStim: ori = 435.0
9.8121 	EXP 	unnamed ShapeStim: ori = -174.0
9.8121 	EXP 	sent on actual flip
9.8454 	EXP 	unnamed ShapeStim: ori = 176.0
9.8454 	EXP 	unnamed ShapeStim: ori = 440.0
9.8454 	EXP 	unnamed ShapeStim: ori = -176.0
9.8454 	EXP 	sent on actual flip
9.8788 	EXP 	unnamed ShapeStim: ori = 178.0
9.8788 	EXP 	unnamed ShapeStim: ori = 445.0
9.8788 	EXP 	unnamed ShapeStim: ori = -178.0
9.8788 	EXP 	sent on actual flip
9.9121 	EXP 	unnamed ShapeStim: ori = 180.0
9.9121 	EXP 	unnamed ShapeStim: ori = 450.0
9.9121 	EXP 	unnamed ShapeStim: ori = -180.0
9.9121 	EXP 	sent on actual flip
9.9454 	EXP 	unnamed ShapeStim: ori = 182.0
9.9454 	EXP 	unnamed ShapeStim: ori = 455.0
9.9454 	EXP 	unnamed ShapeStim: ori = -182.0
9.9454 	EXP 	sent on actual flip
9.9788 	EXP 	unnamed ShapeStim: ori = 184.0
9.9788 	EXP 	unnamed ShapeStim: ori = 460.0
9.9788 	EXP 	unnamed ShapeStim: ori = -184.0
9.9788 	EXP 	sent on actual flip
10.0121 	EXP 	unnamed ShapeStim: ori = 186.0
10.0121 	EXP 	unnamed ShapeStim: ori = 465.0
10.0121 	EXP 	unnamed ShapeStim: ori = -186.0
10.0121 	EXP 	sent on actual flip
10.0454 	EXP 	unnamed ShapeStim: ori = 188.0
10.0454 	EXP 	unnamed ShapeStim: ori = 470.0
10.0454 	EXP 	unnamed ShapeStim: ori = -188.0
10.0454 	EXP 	sent on actual flip
10.0788 	EXP 	unnamed ShapeStim: ori = 190.0
10.0788 	EXP 	unnamed ShapeStim: ori = 475.0
10.0788 	EXP 	unnamed ShapeStim: ori = -190.0
10.0788 	EXP 	sent on actual flip
10.1121 	EXP 	unnamed ShapeStim: ori = 192.0
10.1121 	EXP 	unnamed ShapeStim: ori = 480.0
10.1121 	EXP 	unnamed ShapeStim: ori = -192.0
10.1121 	EXP 	sent on actual flip
10.1454 	EXP 	unnamed ShapeStim: ori = 194.0
10.1454 	EXP 	unnamed ShapeStim: ori = 485.0
10.1454 	EXP 	unnamed ShapeStim: ori = -194.0
10.1454 	EXP 	sent on actual flip
10.1788 	EXP 	unnamed ShapeStim: ori = 196.0
10.1788 	EXP 	unnamed ShapeStim: ori = 490.0
10.1788 	EXP 	unnamed ShapeStim: ori = -196.0
10.1788 	EXP 	sent on actual flip
10.2121 	EXP 	unnamed ShapeStim: ori = 198.0
10.2121 	EXP 	unnamed ShapeStim: ori = 495.0
10.2121 	EXP 	unnamed ShapeStim: ori = -198.0
10.2121 	EXP 	sent on actual flip
10.2454 	EXP 	unnamed ShapeStim: ori = 200.0
10.2454 	EXP 	unnamed ShapeStim: ori = 500.0
10.2454 	EXP 	unnamed ShapeStim: ori = -200.0
10.2454 	EXP 	sent on actual flip
10.2788 	EXP 	unnamed ShapeStim: ori = 202.0
10.2788 	EXP 	unnamed ShapeStim: ori = 505.0
10.2788 	EXP 	unnamed ShapeStim: ori = -202.0
10.2788 	EXP 	sent on actual flip
10.3121 	EXP 	unnamed ShapeStim: ori = 204.0
10.3121 	EXP 	unnamed ShapeStim: ori = 510.0
10.3121 	EXP 	unnamed ShapeStim: ori = -204.0
10.3121 	EXP 	sent on actual flip
10.3454 	EXP 	unnamed ShapeStim: ori = 206.0
10.3454 	EXP 	unnamed ShapeStim: ori = 515.0
10.3454 	EXP 	unnamed ShapeStim: ori = -206.0
10.3454 	EXP 	sent on actual flip
10.3788 	EXP 	unnamed ShapeStim: ori = 208.0
10.3788 	EXP 	unnamed ShapeStim: ori = 520.0
10.3788 	EXP 	unnamed ShapeStim: ori = -208.0
10.3788 	EXP 	sent on actual flip
10.4121 	EXP 	unnamed ShapeStim: ori = 210.0
10.4121 	EXP 	unnamed ShapeStim: ori = 525.0
10.4121 	EXP 	unnamed ShapeStim: ori = -210.0
10.4121 	EXP 	sent on actual flip
10.4454 	EXP 	unnamed ShapeStim: ori = 212.0
10.4454 	EXP 	unnamed ShapeStim: ori = 530.0
10.4454 	EXP 	unnamed ShapeStim: ori = -212.0
10.4454 	EXP 	sent on actual flip
10.4788 	EXP 	unnamed ShapeStim: ori = 214.0
10.4788 	EXP 	unnamed ShapeStim: ori = 535.0
10.4788 	EXP 	unnamed ShapeStim: ori = -214.0
10.4788 	EXP 	sent on actual flip
10.5121 	EXP 	unnamed ShapeStim: ori = 216.0
10.5121 	EXP 	unnamed ShapeStim: ori = 540.0
10.5121 	EXP 	unnamed ShapeStim: ori = -216.0
10.5121 	EXP 	sent on actual flip
10.5454 	EXP 	unnamed ShapeStim: ori = 218.0
10.5454 	EXP 	unnamed ShapeStim: ori = 545.0
10.5454 	EXP 	unnamed ShapeStim: ori = -218.0
10.5454 	EXP 	sent on actual flip
10.5787 	EXP 	unnamed ShapeStim: ori = 220.0
10.5787 	EXP 	unnamed ShapeStim: ori = 550.0
10.5787 	EXP 	unnamed ShapeStim: ori = -220.0
10.5787 	EXP 	sent on actual flip
10.6121 	EXP 	unnamed ShapeStim: ori = 222.0
10.6121 	EXP 	unnamed ShapeStim: ori = 555.0
10.6121 	EXP 	unnamed ShapeStim: ori = -222.0
10.6121 	EXP 	sent on actual flip
10.6454 	EXP 	unnamed ShapeStim: ori = 224.0
10.6454 	EXP 	unnamed ShapeStim: ori = 560.0
10.6454 	EXP 	unnamed ShapeStim: ori = -224.0
10.6454 	EXP 	sent on actual flip
10.6787 	EXP 	unnamed ShapeStim: ori = 226.0
10.6787 	EXP 	unnamed ShapeStim: ori = 565.0
10.6787 	EXP 	unnamed ShapeStim: ori = -226.0
10.6787 	EXP 	sent on actual flip
10.7121 	EXP 	unnamed ShapeStim: ori = 228.0
10.7121 	EXP 	unnamed ShapeStim: ori = 570.0
10.7121 	EXP 	unnamed ShapeStim: ori = -228.0
10.7121 	EXP 	sent on actual flip
10.7454 	EXP 	unnamed ShapeStim: ori = 230.0
10.7454 	EXP 	unnamed ShapeStim: ori = 575.0
10.7454 	EXP 	unnamed ShapeStim: ori = -230.0
10.7454 	EXP 	sent on actual flip
10.7788 	EXP 	unnamed ShapeStim: ori = 232.0
10.7788 	EXP 	unnamed ShapeStim: ori = 580.0
10.7788 	EXP 	unnamed ShapeStim: ori = -232.0
10.7788 	EXP 	sent on actual flip
10.8121 	EXP 	unnamed ShapeStim: ori = 234.0
10.8121 	EXP 	unnamed ShapeStim: ori = 585.0
10.8121 	EXP 	unnamed ShapeStim: ori = -234.0
10.8121 	EXP 	sent on actual flip
10.8454 	EXP 	unnamed ShapeStim: ori = 236.0
10.8454 	EXP 	unnamed ShapeStim: ori = 590.0
10.8454 	EXP 	unnamed ShapeStim: ori = -236.0
10.8454 	EXP 	sent on actual flip
10.8787 	EXP 	unnamed ShapeStim: ori = 238.0
10.8787 	EXP 	unnamed ShapeStim: ori = 595.0
10.8787 	EXP 	unnamed ShapeStim: ori = -238.0
10.8787 	EXP 	sent on actual flip
10.9121 	EXP 	unnamed ShapeStim: ori = 240.0
10.9121 	EXP 	unnamed ShapeStim: ori = 600.0
10.9121 	EXP 	unnamed ShapeStim: ori = -240.0
10.9121 	EXP 	sent on actual flip
10.9454 	EXP 	unnamed ShapeStim: ori = 242.0
10.9454 	EXP 	unnamed ShapeStim: ori = 605.0
10.9454 	EXP 	unnamed ShapeStim: ori = -242.0
10.9454 	EXP 	sent on actual flip
10.9787 	EXP 	unnamed ShapeStim: ori = 244.0
10.9787 	EXP 	unnamed ShapeStim: ori = 610.0
10.9787 	EXP 	unnamed ShapeStim: ori = -244.0
10.9787 	EXP 	sent on actual flip
11.0121 	EXP 	unnamed ShapeStim: ori = 246.0
11.0121 	EXP 	unnamed ShapeStim: ori = 615.0
11.0121 	EXP 	unnamed ShapeStim: ori = -246.0
11.0121 	EXP 	sent on actual flip
11.0454 	EXP 	unnamed ShapeStim: ori = 248.0
11.0454 	EXP 	unnamed ShapeStim: ori = 620.0
11.0454 	EXP 	unnamed ShapeStim: ori = -248.0
11.0454 	EXP 	sent on actual flip
11.0787 	EXP 	unnamed ShapeStim: ori = 250.0
11.0787 	EXP 	unnamed ShapeStim: ori = 625.0
11.0787 	EXP 	unnamed ShapeStim: ori = -250.0
11.0787 	EXP 	sent on actual flip
11.1121 	EXP 	unnamed ShapeStim: ori = 252.0
11.1121 	EXP 	unnamed ShapeStim: ori = 630.0
11.1121 	EXP 	unnamed ShapeStim: ori = -252.0
11.1121 	EXP 	sent on actual flip
11.1454 	EXP 	unnamed ShapeStim: ori = 254.0
11.1454 	EXP 	unnamed ShapeStim: ori = 635.0
11.1454 	EXP 	unnamed ShapeStim: ori = -254.0
11.1454 	EXP 	sent on actual flip
11.1787 	EXP 	unnamed ShapeStim: ori = 256.0
11.1787 	EXP 	unnamed ShapeStim: ori = 640.0
11.1787 	EXP 	unnamed ShapeStim: ori = -256.0
11.1787 	EXP 	sent on actual flip
11.2121 	EXP 	unnamed ShapeStim: ori = 258.0
11.2121 	EXP 	unnamed ShapeStim: ori = 645.0
11.2121 	EXP 	unnamed ShapeStim: ori = -258.0
11.2121 	EXP 	sent on actual flip
11.2454 	EXP 	unnamed ShapeStim: ori = 260.0
11.2454 	EXP 	unnamed ShapeStim: ori = 650.0
11.2454 	EXP 	unnamed ShapeStim: ori = -260.0
11.2454 	EXP 	sent on actual flip
11.2787 	EXP 	unnamed ShapeStim: ori = 262.0
11.2787 	EXP 	unnamed ShapeStim: ori = 655.0
11.2787 	EXP 	unnamed ShapeStim: ori = -262.0
11.2787 	EXP 	sent on actual flip
11.3121 	EXP 	unnamed ShapeStim: ori = 264.0
11.3121 	EXP 	unnamed ShapeStim: ori = 660.0
11.3121 	EXP 	unnamed ShapeStim: ori = -264.0
11.3121 	EXP 	sent on actual flip
11.3454 	EXP 	unnamed ShapeStim: ori = 266.0
11.3454 	EXP 	unnamed ShapeStim: ori = 665.0
11.3454 	EXP 	unnamed ShapeStim: ori = -266.0
11.3454 	EXP 	sent on actual flip
11.3787 	EXP 	unnamed ShapeStim: ori = 268.0
11.3787 	EXP 	unnamed ShapeStim: ori = 670.0
11.3787 	EXP 	unnamed ShapeStim: ori = -268.0
11.3787 	EXP 	sent on actual flip
11.4121 	EXP 	unnamed ShapeStim: ori = 270.0
11.4121 	EXP 	unnamed ShapeStim: ori = 675.0
11.4121 	EXP 	unnamed ShapeStim: ori = -270.0
11.4121 	EXP 	sent on actual flip
11.4454 	EXP 	unnamed ShapeStim: ori = 272.0
11.4454 	EXP 	unnamed ShapeStim: ori = 680.0
11.4454 	EXP 	unnamed ShapeStim: ori = -272.0
11.4454 	EXP 	sent on actual flip
11.4787 	EXP 	unnamed ShapeStim: ori = 274.0
11.4787 	EXP 	unnamed ShapeStim: ori = 685.0
11.4787 	EXP 	unnamed ShapeStim: ori = -274.0
11.4787 	EXP 	sent on actual flip
11.5121 	EXP 	unnamed ShapeStim: ori = 276.0
11.5121 	EXP 	unnamed ShapeStim: ori = 690.0
11.5121 	EXP 	unnamed ShapeStim: ori = -276.0
11.5121 	EXP 	sent on actual flip
11.5454 	EXP 	unnamed ShapeStim: ori = 278.0
11.5454 	EXP 	unnamed ShapeStim: ori = 695.0
11.5454 	EXP 	unnamed ShapeStim: ori = -278.0
11.5454 	EXP 	sent on actual flip
11.5787 	EXP 	unnamed ShapeStim: ori = 280.0
11.5787 	EXP 	unnamed ShapeStim: ori = 700.0
11.5787 	EXP 	unnamed ShapeStim: ori = -280.0
11.5787 	EXP 	sent on actual flip
11.6120 	EXP 	unnamed ShapeStim: ori = 282.0
11.6120 	EXP 	unnamed ShapeStim: ori = 705.0
11.6120 	EXP 	unnamed ShapeStim: ori = -282.0
11.6120 	EXP 	sent on actual flip
11.6454 	EXP 	unnamed ShapeStim: ori = 284.0
11.6454 	EXP 	unnamed ShapeStim: ori = 710.0
11.6454 	EXP 	unnamed ShapeStim: ori = -284.0
11.6454 	EXP 	sent on actual flip
11.6787 	EXP 	unnamed ShapeStim: ori = 286.0
11.6787 	EXP 	unnamed ShapeStim: ori = 715.0
11.6787 	EXP 	unnamed ShapeStim: ori = -286.0
11.6787 	EXP 	sent on actual flip
11.7120 	EXP 	unnamed ShapeStim: ori = 288.0
11.7120 	EXP 	unnamed ShapeStim: ori = 720.0
11.7120 	EXP 	unnamed ShapeStim: ori = -288.0
11.7120 	EXP 	sent on actual flip
11.7454 	EXP 	unnamed ShapeStim: ori = 290.0
11.7454 	EXP 	unnamed ShapeStim: ori = 725.0
11.7454 	EXP 	unnamed ShapeStim: ori = -290.0
11.7454 	EXP 	sent on actual flip
11.7787 	EXP 	unnamed ShapeStim: ori = 292.0
11.7787 	EXP 	unnamed ShapeStim: ori = 730.0
11.7787 	EXP 	unnamed ShapeStim: ori = -292.0
11.7787 	EXP 	sent on actual flip
11.8120 	EXP 	unnamed ShapeStim: ori = 294.0
11.8120 	EXP 	unnamed ShapeStim: ori = 735.0
11.8120 	EXP 	unnamed ShapeStim: ori = -294.0
11.8120 	EXP 	sent on actual flip
11.8454 	EXP 	unnamed ShapeStim: ori = 296.0
11.8454 	EXP 	unnamed ShapeStim: ori = 740.0
11.8454 	EXP 	unnamed ShapeStim: ori = -296.0
11.8454 	EXP 	sent on actual flip
11.8787 	EXP 	unnamed ShapeStim: ori = 298.0
11.8787 	EXP 	unnamed ShapeStim: ori = 745.0
11.8787 	EXP 	unnamed ShapeStim: ori = -298.0
11.8787 	EXP 	sent on actual flip
11.9120 	EXP 	unnamed ShapeStim: ori = 300.0
11.9120 	EXP 	unnamed ShapeStim: ori = 750.0
11.9120 	EXP 	unnamed ShapeStim: ori = -300.0
11.9120 	EXP 	sent on actual flip
11.9454 	EXP 	unnamed ShapeStim: ori = 302.0
11.9454 	EXP 	unnamed ShapeStim: ori = 755.0
11.9454 	EXP 	unnamed ShapeStim: ori = -302.0
11.9454 	EXP 	sent on actual flip
11.9787 	EXP 	unnamed ShapeStim: ori = 304.0
11.9787 	EXP 	unnamed ShapeStim: ori = 760.0
11.9787 	EXP 	unnamed ShapeStim: ori = -304.0
11.9787 	EXP 	sent on actual flip
12.0120 	EXP 	unnamed ShapeStim: ori = 306.0
12.0120 	EXP 	unnamed ShapeStim: ori = 765.0
12.0120 	EXP 	unnamed ShapeStim: ori = -306.0
12.0120 	EXP 	sent on actual flip
12.0454 	EXP 	unnamed ShapeStim: ori = 308.0
12.0454 	EXP 	unnamed ShapeStim: ori = 770.0
12.0454 	EXP 	unnamed ShapeStim: ori = -308.0
12.0454 	EXP 	sent on actual flip
12.0787 	EXP 	unnamed ShapeStim: ori = 310.0
12.0787 	EXP 	unnamed ShapeStim: ori = 775.0
12.0787 	EXP 	unnamed ShapeStim: ori = -310.0
12.0787 	EXP 	sent on actual flip
12.1120 	EXP 	unnamed ShapeStim: ori = 312.0
12.1120 	EXP 	unnamed ShapeStim: ori = 780.0
12.1120 	EXP 	unnamed ShapeStim: ori = -312.0
12.1120 	EXP 	sent on actual flip
12.1454 	EXP 	unnamed ShapeStim: ori = 314.0
12.1454 	EXP 	unnamed ShapeStim: ori = 785.0
12.1454 	EXP 	unnamed ShapeStim: ori = -314.0
12.1454 	EXP 	sent on actual flip
12.1787 	EXP 	unnamed ShapeStim: ori = 316.0
12.1787 	EXP 	unnamed ShapeStim: ori = 790.0
12.1787 	EXP 	unnamed ShapeStim: ori = -316.0
12.1787 	EXP 	sent on actual flip
12.2120 	EXP 	unnamed ShapeStim: ori = 318.0
12.2120 	EXP 	unnamed ShapeStim: ori = 795.0
12.2120 	EXP 	unnamed ShapeStim: ori = -318.0
12.2120 	EXP 	sent on actual flip
12.2454 	EXP 	unnamed ShapeStim: ori = 320.0
12.2454 	EXP 	unnamed ShapeStim: ori = 800.0
12.2454 	EXP 	unnamed ShapeStim: ori = -320.0
12.2454 	EXP 	sent on actual flip
12.2787 	EXP 	unnamed ShapeStim: ori = 322.0
12.2787 	EXP 	unnamed ShapeStim: ori = 805.0
12.2787 	EXP 	unnamed ShapeStim: ori = -322.0
12.2787 	EXP 	sent on actual flip
12.3120 	EXP 	unnamed ShapeStim: ori = 324.0
12.3120 	EXP 	unnamed ShapeStim: ori = 810.0
12.3120 	EXP 	unnamed ShapeStim: ori = -324.0
12.3120 	EXP 	sent on actual flip
12.3454 	EXP 	unnamed ShapeStim: ori = 326.0
12.3454 	EXP 	unnamed ShapeStim: ori = 815.0
12.3454 	EXP 	unnamed ShapeStim: ori = -326.0
12.3454 	EXP 	sent on actual flip
12.3787 	EXP 	unnamed ShapeStim: ori = 328.0
12.3787 	EXP 	unnamed ShapeStim: ori = 820.0
12.3787 	EXP 	unnamed ShapeStim: ori = -328.0
12.3787 	EXP 	sent on actual flip
12.4120 	EXP 	unnamed ShapeStim: ori = 330.0
12.4120 	EXP 	unnamed ShapeStim: ori = 825.0
12.4120 	EXP 	unnamed ShapeStim: ori = -330.0
12.4120 	EXP 	sent on actual flip
12.4454 	EXP 	unnamed ShapeStim: ori = 332.0
12.4454 	EXP 	unnamed ShapeStim: ori = 830.0
12.4454 	EXP 	unnamed ShapeStim: ori = -332.0
12.4454 	EXP 	sent on actual flip
12.4787 	EXP 	unnamed ShapeStim: ori = 334.0
12.4787 	EXP 	unnamed ShapeStim: ori = 835.0
12.4787 	EXP 	unnamed ShapeStim: ori = -334.0
12.4787 	EXP 	sent on actual flip
12.5120 	EXP 	unnamed ShapeStim: ori = 336.0
12.5120 	EXP 	unnamed ShapeStim: ori = 840.0
12.5120 	EXP 	unnamed ShapeStim: ori = -336.0
12.5120 	EXP 	sent on actual flip
12.5454 	EXP 	unnamed ShapeStim: ori = 338.0
12.5454 	EXP 	unnamed ShapeStim: ori = 845.0
12.5454 	EXP 	unnamed ShapeStim: ori = -338.0
12.5454 	EXP 	sent on actual flip
12.5787 	EXP 	unnamed ShapeStim: ori = 340.0
12.5787 	EXP 	unnamed ShapeStim: ori = 850.0
12.5787 	EXP 	unnamed ShapeStim: ori = -340.0
12.5787 	EXP 	sent on actual flip
12.6120 	EXP 	unnamed ShapeStim: ori = 342.0
12.6120 	EXP 	unnamed ShapeStim: ori = 855.0
12.6120 	EXP 	unnamed ShapeStim: ori = -342.0
12.6120 	EXP 	sent on actual flip
12.6454 	EXP 	unnamed ShapeStim: ori = 344.0
12.6454 	EXP 	unnamed ShapeStim: ori = 860.0
12.6454 	EXP 	unnamed ShapeStim: ori = -344.0
12.6454 	EXP 	sent on actual flip
12.6787 	EXP 	unnamed ShapeStim: ori = 346.0
12.6787 	EXP 	unnamed ShapeStim: ori = 865.0
12.6787 	EXP 	unnamed ShapeStim: ori = -346.0
12.6787 	EXP 	sent on actual flip
12.7120 	EXP 	unnamed ShapeStim: ori = 348.0
12.7120 	EXP 	unnamed ShapeStim: ori = 870.0
12.7120 	EXP 	unnamed ShapeStim: ori = -348.0
12.7120 	EXP 	sent on actual flip
12.7454 	EXP 	unnamed ShapeStim: ori = 350.0
12.7454 	EXP 	unnamed ShapeStim: ori = 875.0
12.7454 	EXP 	unnamed ShapeStim: ori = -350.0
12.7454 	EXP 	sent on actual flip
12.7787 	EXP 	unnamed ShapeStim: ori = 352.0
12.7787 	EXP 	unnamed ShapeStim: ori = 880.0
12.7787 	EXP 	unnamed ShapeStim: ori = -352.0
12.7787 	EXP 	sent on actual flip
12.8120 	EXP 	unnamed ShapeStim: ori = 354.0
12.8120 	EXP 	unnamed ShapeStim: ori = 885.0
12.8120 	EXP 	unnamed ShapeStim: ori = -354.0
12.8120 	EXP 	sent on actual flip
12.8453 	EXP 	unnamed ShapeStim: ori = 356.0
12.8453 	EXP 	unnamed ShapeStim: ori = 890.0
12.8453 	EXP 	unnamed ShapeStim: ori = -356.0
12.8453 	EXP 	sent on actual flip
12.8787 	EXP 	unnamed ShapeStim: ori = 358.0
12.8787 	EXP 	unnamed ShapeStim: ori = 895.0
12.8787 	EXP 	unnamed ShapeStim: ori = -358.0
12.8787 	EXP 	sent on actual flip
12.9120 	EXP 	unnamed ShapeStim: ori = 360.0
12.9120 	EXP 	unnamed ShapeStim: ori = 900.0
12.9120 	EXP 	unnamed ShapeStim: ori = -360.0
12.9120 	EXP 	sent on actual flip
12.9453 	EXP 	unnamed ShapeStim: ori = 362.0
12.9453 	EXP 	unnamed ShapeStim: ori = 905.0
12.9453 	EXP 	unnamed ShapeStim: ori = -362.0
12.9453 	EXP 	sent on actual flip
12.9787 	EXP 	unnamed ShapeStim: ori = 364.0
12.9787 	EXP 	unnamed ShapeStim: ori = 910.0
12.9787 	EXP 	unnamed ShapeStim: ori = -364.0
12.9787 	EXP 	sent on actual flip
13.0120 	EXP 	unnamed ShapeStim: ori = 366.0
13.0120 	EXP 	unnamed ShapeStim: ori = 915.0
13.0120 	EXP 	unnamed ShapeStim: ori = -366.0
13.0120 	EXP 	sent on actual flip
13.0453 	EXP 	unnamed ShapeStim: ori = 368.0
13.0453 	EXP 	unnamed ShapeStim: ori = 920.0
13.0453 	EXP 	unnamed ShapeStim: ori = -368.0
13.0453 	EXP 	sent on actual flip
13.0787 	EXP 	unnamed ShapeStim: ori = 370.0
13.0787 	EXP 	unnamed ShapeStim: ori = 925.0
13.0787 	EXP 	unnamed ShapeStim: ori = -370.0
13.0787 	EXP 	sent on actual flip
13.1120 	EXP 	unnamed ShapeStim: ori = 372.0
13.1120 	EXP 	unnamed ShapeStim: ori = 930.0
13.1120 	EXP 	unnamed ShapeStim: ori = -372.0
13.1120 	EXP 	sent on actual flip
13.1453 	EXP 	unnamed ShapeStim: ori = 374.0
13.1453 	EXP 	unnamed ShapeStim: ori = 935.0
13.1453 	EXP 	unnamed ShapeStim: ori = -374.0
13.1453 	EXP 	sent on actual flip
13.1787 	EXP 	unnamed ShapeStim: ori = 376.0
13.1787 	EXP 	unnamed ShapeStim: ori = 940.0
13.1787 	EXP 	unnamed ShapeStim: ori = -376.0
13.1787 	EXP 	sent on actual flip
13.2120 	EXP 	unnamed ShapeStim: ori = 378.0
13.2120 	EXP 	unnamed ShapeStim: ori = 945.0
13.2120 	EXP 	unnamed ShapeStim: ori = -378.0
13.2120 	EXP 	sent on actual flip
13.2453 	EXP 	unnamed ShapeStim: ori = 380.0
13.2453 	EXP 	unnamed ShapeStim: ori = 950.0
13.2453 	EXP 	unnamed ShapeStim: ori = -380.0
13.2453 	EXP 	sent on actual flip
13.2787 	EXP 	unnamed ShapeStim: ori = 382.0
13.2787 	EXP 	unnamed ShapeStim: ori = 955.0
13.2787 	EXP 	unnamed ShapeStim: ori = -382.0
13.2787 	EXP 	sent on actual flip
13.3120 	EXP 	unnamed ShapeStim: ori = 384.0
13.3120 	EXP 	unnamed ShapeStim: ori = 960.0
13.3120 	EXP 	unnamed ShapeStim: ori = -384.0
13.3120 	EXP 	sent on actual flip
13.3453 	EXP 	unnamed ShapeStim: ori = 386.0
13.3453 	EXP 	unnamed ShapeStim: ori = 965.0
13.3453 	EXP 	unnamed ShapeStim: ori = -386.0
13.3453 	EXP 	sent on actual flip
13.3787 	EXP 	unnamed ShapeStim: ori = 388.0
13.3787 	EXP 	unnamed ShapeStim: ori = 970.0
13.3787 	EXP 	unnamed ShapeStim: ori = -388.0
13.3787 	EXP 	sent on actual flip
13.4120 	EXP 	unnamed ShapeStim: ori = 390.0
13.4120 	EXP 	unnamed ShapeStim: ori = 975.0
13.4120 	EXP 	unnamed ShapeStim: ori = -390.0
13.4120 	EXP 	sent on actual flip
13.4453 	EXP 	unnamed ShapeStim: ori = 392.0
13.4453 	EXP 	unnamed ShapeStim: ori = 980.0
13.4453 	EXP 	unnamed ShapeStim: ori = -392.0
13.4453 	EXP 	sent on actual flip
13.4787 	EXP 	unnamed ShapeStim: ori = 394.0
13.4787 	EXP 	unnamed ShapeStim: ori = 985.0
13.4787 	EXP 	unnamed ShapeStim: ori = -394.0
13.4787 	EXP 	sent on actual flip
13.5120 	EXP 	unnamed ShapeStim: ori = 396.0
13.5120 	EXP 	unnamed ShapeStim: ori = 990.0
13.5120 	EXP 	unnamed ShapeStim: ori = -396.0
13.5120 	EXP 	sent on actual flip
13.5453 	EXP 	unnamed ShapeStim: ori = 398.0
13.5453 	EXP 	unnamed ShapeStim: ori = 995.0
13.5453 	EXP 	unnamed ShapeStim: ori = -398.0
13.5453 	EXP 	sent on actual flip
13.5787 	EXP 	unnamed ShapeStim: ori = 400.0
13.5787 	EXP 	unnamed ShapeStim: ori = 1000.0
13.5787 	EXP 	unnamed ShapeStim: ori = -400.0
13.5787 	EXP 	sent on actual flip
13.5787 	EXP 	window1: mouseVisible = True
